[debug] [2023-07-04T09:18:40.223Z] ----------------------------------------------------------------------
[debug] [2023-07-04T09:18:40.228Z] Command:       C:\Program Files\nodejs\node.exe C:\Users\HRITHIK KUMAR\AppData\Roaming\npm\node_modules\firebase-tools\lib\bin\firebase.js init
[debug] [2023-07-04T09:18:40.229Z] CLI Version:   12.4.0
[debug] [2023-07-04T09:18:40.230Z] Platform:      win32
[debug] [2023-07-04T09:18:40.230Z] Node Version:  v19.8.1
[debug] [2023-07-04T09:18:40.231Z] Time:          Tue Jul 04 2023 14:48:40 GMT+0530 (India Standard Time)
[debug] [2023-07-04T09:18:40.231Z] ----------------------------------------------------------------------
[debug] 
[debug] [2023-07-04T09:18:40.237Z] >>> [apiv2][query] GET https://firebase-public.firebaseio.com/cli.json [none]
[debug] [2023-07-04T09:18:40.440Z] > command requires scopes: ["email","openid","https://www.googleapis.com/auth/cloudplatformprojects.readonly","https://www.googleapis.com/auth/firebase","https://www.googleapis.com/auth/cloud-platform"]
[debug] [2023-07-04T09:18:40.441Z] > authorizing via signed-in user (ritikkumarbhai@gmail.com)
[info] 
     ######## #### ########  ######## ########     ###     ######  ########
     ##        ##  ##     ## ##       ##     ##  ##   ##  ##       ##
     ######    ##  ########  ######   ########  #########  ######  ######
     ##        ##  ##    ##  ##       ##     ## ##     ##       ## ##
     ##       #### ##     ## ######## ########  ##     ##  ######  ########

You're about to initialize a Firebase project in this directory:

  C:\Users\HRITHIK KUMAR\OneDrive\Desktop\Marriage project\Event360

Before we get started, keep in mind:

  * You are initializing within an existing Firebase project directory

[debug] [2023-07-04T09:18:44.372Z] <<< [apiv2][status] GET https://firebase-public.firebaseio.com/cli.json 200
[debug] [2023-07-04T09:18:44.373Z] <<< [apiv2][body] GET https://firebase-public.firebaseio.com/cli.json {"cloudBuildErrorAfter":1594252800000,"cloudBuildWarnAfter":1590019200000,"defaultNode10After":1594252800000,"minVersion":"3.0.5","node8DeploysDisabledAfter":1613390400000,"node8RuntimeDisabledAfter":1615809600000,"node8WarnAfter":1600128000000}
[info] 
=== Project Setup
[info] 
[info] First, let's associate this project directory with a Firebase project.
[info] You can create multiple project aliases by running firebase use --add, 
[info] but for now we'll just set up a default project.
[info] 
[debug] [2023-07-04T09:18:59.045Z] Using project from CLI flag: event360-r
[debug] [2023-07-04T09:18:59.047Z] > refreshing access token with scopes: []
[debug] [2023-07-04T09:18:59.049Z] >>> [apiv2][query] POST https://www.googleapis.com/oauth2/v3/token [none]
[debug] [2023-07-04T09:18:59.049Z] >>> [apiv2][body] POST https://www.googleapis.com/oauth2/v3/token [omitted]
[debug] [2023-07-04T09:19:05.205Z] <<< [apiv2][status] POST https://www.googleapis.com/oauth2/v3/token 200
[debug] [2023-07-04T09:19:05.206Z] <<< [apiv2][body] POST https://www.googleapis.com/oauth2/v3/token [omitted]
[debug] [2023-07-04T09:19:05.221Z] >>> [apiv2][query] GET https://firebase.googleapis.com/v1beta1/projects/event360-r [none]
[debug] [2023-07-04T09:19:06.885Z] <<< [apiv2][status] GET https://firebase.googleapis.com/v1beta1/projects/event360-r 200
[debug] [2023-07-04T09:19:06.885Z] <<< [apiv2][body] GET https://firebase.googleapis.com/v1beta1/projects/event360-r {"projectId":"event360-r","projectNumber":"78643949787","displayName":"event360","name":"projects/event360-r","resources":{"hostingSite":"event360-r"},"state":"ACTIVE","etag":"1_f8aca1ab-eb39-4d8b-bb71-3d7db263d4ec"}
[info] i  Using project event360-r (event360) 
[info] 
=== Hosting Setup
[info] 
[info] Your public directory is the folder (relative to your project directory) that
[info] will contain Hosting assets to be uploaded with firebase deploy. If you
[info] have a build process for your assets, use your build's output directory.
[info] 
